smslibrary/build/intermediates/manifest_merge_blame_file/debug/manifest-merger-blame-debug-report.txt
1<?xml version="1.0" encoding="utf-8"?>
2<manifest xmlns:android="http://schemas.android.com/apk/res/android"
3    package="com.eis0.smslibrary"
4    android:versionCode="1"
5    android:versionName="1.0" >
6
7    <uses-sdk
8        android:minSdkVersion="22"
8-->src\main\AndroidManifest.xml
9        android:targetSdkVersion="29" />
9-->src\main\AndroidManifest.xml
10
11    <application>
11-->src\main\AndroidManifest.xml:4:5-22:19
12        <receiver
12-->src\main\AndroidManifest.xml:5:9-12:20
13            android:name="com.eis0.smslibrary.SMSCore"
13-->src\main\AndroidManifest.xml:6:9-51
14            android:enabled="true"
14-->src\main\AndroidManifest.xml:7:9-31
15            android:exported="true" >
15-->src\main\AndroidManifest.xml:8:9-32
16            <intent-filter>
16-->src\main\AndroidManifest.xml:9:9-11:25
17                <action android:name="android.provider.Telephony.SMS_RECEIVED" />
17-->src\main\AndroidManifest.xml:10:13-78
17-->src\main\AndroidManifest.xml:10:21-75
18            </intent-filter>
19        </receiver>
20
21        <service
21-->src\main\AndroidManifest.xml:14:9-21:19
22            android:name="com.eis0.smslibrary.SMSHandler"
22-->src\main\AndroidManifest.xml:15:9-54
23            android:label="Access requested to cancel boring app notification"
23-->src\main\AndroidManifest.xml:16:9-75
24            android:permission="android.permission.BIND_NOTIFICATION_LISTENER_SERVICE" >
24-->src\main\AndroidManifest.xml:17:9-83
25            <intent-filter>
25-->src\main\AndroidManifest.xml:18:9-20:25
26                <action android:name="android.service.notification.NotificationListenerService" />
26-->src\main\AndroidManifest.xml:19:13-95
26-->src\main\AndroidManifest.xml:19:21-92
27            </intent-filter>
28        </service>
29    </application>
30
31</manifest>